chipver = 0
core_num = 30
chip_num = 1
phase_num = 484
pause_phase = 484
phase_num4 = 786
phase_loop = 1
svn_ver = Lynabc_hw3_20241225_1.20.0_0024
inputs = [(5,0), ]
outputs = [(17,483), ]
input_buf_addr = 0x9b6000000
input_size = 54853632
topo_type = 0
input_proc_mode = -1
input_dummy_size = 4
output_buf_addr = 0x8f7ffff80
output_size = 4
batch_size = 1
base_addr = 0x9be000000
user_addr = 0x8e9c00000
bank_addr = 0x8d1000000
log_addr = 0x8f8000000
dummy_addr = 0x8f7ffff80
datachain_addr = 0x900000000
run_mode = 2
lookup_mbatch = 64
perf_en = 0
ddr_mem_mode = 0
log_zone_addr = 0x8f8000000
log_zone_size = 0x7ffffe0
wdat_en = 0

ddr_in_phase1 = ffffffff
ddr_in_addr1 = 0x8c0000000
ddr_in_file1 = ../../../../../apu_x/lookup_ddr_addr.bin
ddr_in_len1 = 512
ddr_in_phase2 = -1
ddr_in_addr2 = 0x8c0000400
ddr_in_file2 = ../../../../../apu_x/lookup_ddrin_addr.bin
ddr_in_len2 = 512

ddr_out_phase1 = 483
ddr_out_addr1 = 0x9c0000000
ddr_out_file1 = output_ddr.dat
ddr_out_len1 = 65995776

built_time = "2026/01/28 11:13:53"
