nohup: ignoring input
================================================================================
PointPillars 完整推理流程
================================================================================

--- 步骤1: 加载点云 ---
✓ 加载点云: 17238 个点
耗时: 0.59 ms

--- 步骤2: 体素化 ---
Voxelizer initialized with grid size: [433, 496, 1]
Voxelization complete: 3945 voxels
体素数: 3945
耗时: 6.01 ms

--- 步骤3: 初始化 PFN (CPU) ---
PFN权重大小: 640
PFN偏置大小: 64
耗时: 0.38 ms

--- 步骤4: PFN 前向 + Scatter ---
RPN输入形状: [1, 64, 496, 432]
耗时: 83.19 ms

--- 步骤5: RPN 推理 (NPU) ---
RPNRunner: 模型加载成功
  输入大小: 54853632 字节
  输出大小: 65995776 字节
耗时: 709.45 ms

--- 步骤6: Anchor Decode + NMS ---
  RPN输出检查: box_map最大绝对值=122716766791969187823616.00, score_map最大绝对值=5759118211232563200.00
  开始Decode...
