================================================================================
PointPillars 完整推理流程
================================================================================

--- 步骤1: 加载点云 ---
✓ 加载点云: 17238 个点
耗时: 0.60 ms

--- 步骤2: 体素化 ---
Voxelizer initialized with grid size: [433, 496, 1]
Voxelization complete: 3945 voxels
体素数: 3945
耗时: 6.01 ms

--- 步骤3: 初始化 PFN (CPU) ---
PFN权重大小: 640
PFN偏置大小: 64
耗时: 0.36 ms

--- 步骤4: PFN 前向 + Scatter ---
RPN输入形状: [1, 64, 496, 432]
耗时: 89.89 ms

--- 步骤5: RPN 推理 (NPU) ---
RPNRunner: 模型加载成功
  输入大小: 54853632 字节
  输出大小: 65995776 字节
  RPN输出tensor数量: 1
  Tensor[0]: name=, dtype=1, dims=[], data_num=32997888
  数据统计: box_max=122716766791969187823616.00 (NaN:0, Inf:0), score_max=5759118211232563200.00 (NaN:0, Inf:0)
耗时: 839.54 ms

--- 步骤6: Anchor Decode + NMS ---
  RPN输出检查: box_map最大绝对值=122716766791969187823616.00 (NaN:0, Inf:0), score_map最大绝对值=5759118211232563200.00 (NaN:0, Inf:0)
  警告: RPN输出值较大，可能影响精度
  开始Decode...
  开始遍历 214272 个像素位置...
  Decode进度: 4%, 当前候选框数: 42925
  Decode进度: 9%, 当前候选框数: 90643
  Decode进度: 14%, 当前候选框数: 138288
  Decode进度: 19%, 当前候选框数: 178118
  Decode进度: 24%, 当前候选框数: 229595
  Decode进度: 29%, 当前候选框数: 276315
  Decode进度: 34%, 当前候选框数: 322879
  Decode进度: 39%, 当前候选框数: 372166
  Decode进度: 44%, 当前候选框数: 410684
  Decode进度: 49%, 当前候选框数: 463309
  Decode进度: 54%, 当前候选框数: 507943
  Decode进度: 59%, 当前候选框数: 556002
  Decode进度: 64%, 当前候选框数: 605370
  Decode进度: 69%, 当前候选框数: 645491
  Decode进度: 74%, 当前候选框数: 696910
  Decode进度: 79%, 当前候选框数: 742598
  Decode进度: 84%, 当前候选框数: 788318
  Decode进度: 89%, 当前候选框数: 838187
  Decode进度: 94%, 当前候选框数: 877583
  Decode进度: 99%, 当前候选框数: 929007
  Decode进度: 100%, 当前候选框数: 929079
  Decode完成: 共 929085 个候选框
  警告: 候选框数量过多(929085)，可能导致NMS耗时很长。建议检查score阈值或RPN输出。
  开始排序候选框...
  排序完成
  开始NMS...
  NMS开始: 输入 929085 个候选框
  NMS进度: 0%, 已保留: 0
